<?xml version="1.0" encoding="UTF-8"?>
<!-- Generated by org.testng.reporters.JUnitReportReporter -->
<testsuite hostname="DESKTOP-VIT4P8H" failures="0" tests="1" name="com.inetbanking.testCases.TC_LoginTest_001" time="7.779" errors="0" timestamp="2023-01-02T09:35:21 IST" skipped="0">
  <testcase classname="com.inetbanking.testCases.TC_LoginTest_001" name="loginTest" time="7.779"/>
  <system-out/>
</testsuite> <!-- com.inetbanking.testCases.TC_LoginTest_001 -->
